[debug] ----------------------------------------------------------------------
[debug] Command:      /usr/local/bin/node /usr/local/bin/firebase serve
[debug] CLI Version:  3.6.0
[debug] Platform:     darwin
[debug] Node Version: v4.4.7
[debug] Time:         Wed Apr 05 2017 19:57:38 GMT-0400 (EDT)
[debug] ----------------------------------------------------------------------
[debug] 
[debug] > command requires scopes: ["email","openid","https://www.googleapis.com/auth/cloudplatformprojects.readonly","https://www.googleapis.com/auth/firebase","https://www.googleapis.com/auth/cloud-platform"]
[debug] >>> HTTP REQUEST GET https://admin.firebase.com/v1/projects/weighttracker-56948  
 Wed Apr 05 2017 19:57:38 GMT-0400 (EDT)
[debug] <<< HTTP RESPONSE 200
[debug] >>> HTTP REQUEST GET https://admin.firebase.com/v1/database/weighttracker-56948/tokens  
 Wed Apr 05 2017 19:57:39 GMT-0400 (EDT)
[debug] <<< HTTP RESPONSE 200
[info] Starting Firebase development server...
[info] 
[info] Project Directory: /Users/Armellini1/Development/WebDev/weighttracker
[debug] >>> HTTP REQUEST GET https://cloudresourcemanager.googleapis.com/v1/projects/weighttracker-56948  
 Wed Apr 05 2017 19:57:39 GMT-0400 (EDT)
[debug] <<< HTTP RESPONSE 200
[debug] >>> HTTP REQUEST GET https://mobilesdk-pa.googleapis.com/v1/projects/159533388950/clients/_:getWebAppConfig  
 Wed Apr 05 2017 19:57:40 GMT-0400 (EDT)
[debug] <<< HTTP RESPONSE 200
[info] Public Directory: public
[info] 
[info] Server listening at: http://localhost:5000
[debug] ----------------------------------------------------------------------
[debug] Command:      /usr/local/bin/node /usr/local/bin/firebase serve
[debug] CLI Version:  3.6.0
[debug] Platform:     darwin
[debug] Node Version: v4.4.7
[debug] Time:         Sat Apr 08 2017 17:27:54 GMT-0400 (EDT)
[debug] ----------------------------------------------------------------------
[debug] 
[debug] > command requires scopes: ["email","openid","https://www.googleapis.com/auth/cloudplatformprojects.readonly","https://www.googleapis.com/auth/firebase","https://www.googleapis.com/auth/cloud-platform"]
[debug] > refreshing access token with scopes: ["email","https://www.googleapis.com/auth/cloud-platform","https://www.googleapis.com/auth/cloudplatformprojects.readonly","https://www.googleapis.com/auth/firebase","openid"]
[debug] >>> HTTP REQUEST POST https://www.googleapis.com/oauth2/v3/token { refresh_token: '1/9ROwRaldIsnLHuKKLoKvbG1fMYKXEySz6JbGNx_u11w',
  client_id: '563584335869-fgrhgmd47bqnekij5i8b5pr03ho849e6.apps.googleusercontent.com',
  client_secret: 'j9iVZfS8kkCEFUPaAeJV0sAi',
  grant_type: 'refresh_token',
  scope: 'email https://www.googleapis.com/auth/cloud-platform https://www.googleapis.com/auth/cloudplatformprojects.readonly https://www.googleapis.com/auth/firebase openid' } 
 Sat Apr 08 2017 17:27:54 GMT-0400 (EDT)
[debug] <<< HTTP RESPONSE 200
[debug] >>> HTTP REQUEST GET https://admin.firebase.com/v1/projects/weighttracker-56948  
 Sat Apr 08 2017 17:27:55 GMT-0400 (EDT)
[debug] <<< HTTP RESPONSE 200
[debug] >>> HTTP REQUEST GET https://admin.firebase.com/v1/database/weighttracker-56948/tokens  
 Sat Apr 08 2017 17:27:56 GMT-0400 (EDT)
[debug] <<< HTTP RESPONSE 200
[info] Starting Firebase development server...
[info] 
[info] Project Directory: /Users/Armellini1/Development/WebDev/weighttracker
[debug] >>> HTTP REQUEST GET https://cloudresourcemanager.googleapis.com/v1/projects/weighttracker-56948  
 Sat Apr 08 2017 17:27:56 GMT-0400 (EDT)
[debug] <<< HTTP RESPONSE 200
[debug] >>> HTTP REQUEST GET https://mobilesdk-pa.googleapis.com/v1/projects/159533388950/clients/_:getWebAppConfig  
 Sat Apr 08 2017 17:27:56 GMT-0400 (EDT)
[debug] <<< HTTP RESPONSE 200
[info] Public Directory: public
[info] 
[info] Server listening at: http://localhost:5000
